\BOOKMARK [0][-]{chapter*.1}{\376\377\000A\000b\000o\000u\000t\000\040\000t\000h\000i\000s\000\040\000b\000o\000o\000k}{}% 1
\BOOKMARK [0][-]{chapter*.2}{\376\377\000C\000o\000n\000t\000e\000n\000t\000s}{}% 2
\BOOKMARK [0][-]{chapter.0.1}{\376\377\000F\000u\000n\000d\000a\000m\000e\000n\000t\000a\000l\000s}{}% 3
\BOOKMARK [1][-]{section.0.1.1}{\376\377\000G\000e\000n\000e\000r\000a\000t\000i\000v\000e\000\040\000m\000o\000d\000e\000l\000s}{chapter.0.1}% 4
\BOOKMARK [1][-]{section.0.1.2}{\376\377\000B\000a\000y\000e\000s\000'\000\040\000t\000h\000e\000o\000r\000e\000m}{chapter.0.1}% 5
\BOOKMARK [1][-]{section.0.1.3}{\376\377\000H\000i\000d\000d\000e\000n\000\040\000s\000t\000a\000t\000e\000\040\000e\000s\000t\000i\000m\000a\000t\000i\000o\000n\000\040\000\050\000M\000A\000P\000\051}{chapter.0.1}% 6
\BOOKMARK [1][-]{section.0.1.4}{\376\377\000H\000i\000d\000d\000e\000n\000\040\000s\000t\000a\000t\000e\000\040\000e\000s\000t\000i\000m\000a\000t\000i\000o\000n\000\040\000\050\000M\000L\000E\000\051}{chapter.0.1}% 7
\BOOKMARK [0][-]{chapter.0.2}{\376\377\000V\000a\000r\000i\000a\000t\000i\000o\000n\000a\000l\000\040\000B\000a\000y\000e\000s\000i\000a\000n\000\040\000i\000n\000f\000e\000r\000e\000n\000c\000e}{}% 8
\BOOKMARK [1][-]{section.0.2.1}{\376\377\000V\000a\000r\000i\000a\000t\000i\000o\000n\000a\000l\000\040\000f\000r\000e\000e\000\040\000e\000n\000e\000r\000g\000y}{chapter.0.2}% 9
\BOOKMARK [1][-]{section.0.2.2}{\376\377\000G\000-\000f\000o\000r\000m\000\040\000o\000f\000\040\000v\000a\000r\000i\000a\000t\000i\000o\000n\000a\000l\000\040\000f\000r\000e\000e\000\040\000e\000n\000e\000r\000g\000y}{chapter.0.2}% 10
\BOOKMARK [1][-]{section.0.2.3}{\376\377\000D\000-\000f\000o\000r\000m\000\040\000o\000f\000\040\000v\000a\000r\000i\000a\000t\000i\000o\000n\000a\000l\000\040\000f\000r\000e\000e\000\040\000e\000n\000e\000r\000g\000y}{chapter.0.2}% 11
\BOOKMARK [1][-]{section.0.2.4}{\376\377\000C\000-\000f\000o\000r\000m\000\040\000o\000f\000\040\000v\000a\000r\000i\000a\000t\000i\000o\000n\000a\000l\000\040\000f\000r\000e\000e\000\040\000e\000n\000e\000r\000g\000y}{chapter.0.2}% 12
\BOOKMARK [1][-]{section.0.2.5}{\376\377\000E\000-\000f\000o\000r\000m\000\040\000o\000f\000\040\000v\000a\000r\000i\000a\000t\000i\000o\000n\000a\000l\000\040\000f\000r\000e\000e\000\040\000e\000n\000e\000r\000g\000y}{chapter.0.2}% 13
\BOOKMARK [1][-]{section.0.2.6}{\376\377\000M\000A\000P\000\040\000a\000n\000d\000\040\000M\000L\000E\000\040\000f\000o\000r\000m\000s\000\040\000o\000f\000\040\000v\000a\000r\000i\000a\000t\000i\000o\000n\000a\000l\000\040\000f\000r\000e\000e\000\040\000e\000n\000e\000r\000g\000y}{chapter.0.2}% 14
\BOOKMARK [1][-]{section.0.2.7}{\376\377\000T\000h\000e\000\040\000m\000e\000a\000n\000-\000f\000i\000e\000l\000d\000\040\000a\000p\000p\000r\000o\000x\000i\000m\000a\000t\000i\000o\000n}{chapter.0.2}% 15
\BOOKMARK [1][-]{section.0.2.8}{\376\377\000T\000i\000m\000e\000-\000d\000e\000p\000e\000n\000d\000e\000n\000t\000\040\000v\000a\000r\000i\000a\000t\000i\000o\000n\000a\000l\000\040\000f\000r\000e\000e\000\040\000e\000n\000e\000r\000g\000y}{chapter.0.2}% 16
\BOOKMARK [1][-]{section.0.2.9}{\376\377\000T\000h\000e\000\040\000B\000e\000t\000h\000e\000\040\000a\000p\000p\000r\000o\000x\000i\000m\000a\000t\000i\000o\000n}{chapter.0.2}% 17
\BOOKMARK [1][-]{section.0.2.10}{\376\377\000F\000u\000n\000d\000a\000m\000e\000n\000t\000a\000l\000\040\000t\000h\000e\000o\000r\000e\000m\000\040\000o\000f\000\040\000m\000e\000a\000n\000-\000f\000i\000e\000l\000d\000\040\000v\000a\000r\000i\000a\000t\000i\000o\000n\000a\000l\000\040\000i\000n\000f\000e\000r\000e\000n\000c\000e}{chapter.0.2}% 18
\BOOKMARK [0][-]{chapter.0.3}{\376\377\000P\000r\000e\000d\000i\000c\000t\000i\000v\000e\000\040\000c\000o\000d\000i\000n\000g}{}% 19
\BOOKMARK [1][-]{section.0.3.1}{\376\377\000T\000h\000e\000\040\000g\000e\000n\000e\000r\000a\000t\000i\000v\000e\000\040\000m\000o\000d\000e\000l\000\040\000f\000o\000r\000\040\000p\000r\000e\000d\000i\000c\000t\000i\000v\000e\000\040\000c\000o\000d\000i\000n\000g}{chapter.0.3}% 20
\BOOKMARK [1][-]{section.0.3.2}{\376\377\000V\000a\000r\000i\000a\000t\000i\000o\000n\000a\000l\000\040\000f\000r\000e\000e\000\040\000e\000n\000e\000r\000g\000y\000\040\000u\000n\000d\000e\000r\000\040\000D\000i\000r\000a\000c\000\040\000\040\000a\000s\000s\000u\000m\000p\000t\000i\000o\000n\000s}{chapter.0.3}% 21
\BOOKMARK [1][-]{section.0.3.3}{\376\377\000U\000p\000d\000a\000t\000e\000\040\000e\000q\000u\000a\000t\000i\000o\000n\000\040\000f\000o\000r\000\040\000v\000a\000r\000i\000a\000t\000i\000o\000n\000a\000l\000\040\000d\000e\000n\000s\000i\000t\000y\000\040\000m\000e\000a\000n\000\040\000\050\000p\000e\000r\000c\000e\000p\000t\000i\000o\000n\000\051}{chapter.0.3}% 22
\BOOKMARK [1][-]{section.0.3.4}{\376\377\000U\000p\000d\000a\000t\000e\000\040\000e\000q\000u\000a\000t\000i\000o\000n\000\040\000f\000o\000r\000\040\000p\000r\000i\000o\000r\000\040\000m\000e\000a\000n\000\040\000\050\000p\000e\000r\000c\000e\000p\000t\000i\000o\000n\000\051}{chapter.0.3}% 23
\BOOKMARK [1][-]{section.0.3.5}{\376\377\000U\000p\000d\000a\000t\000e\000\040\000e\000q\000u\000a\000t\000i\000o\000n\000\040\000f\000o\000r\000\040\000p\000r\000i\000o\000r\000\040\000v\000a\000r\000i\000a\000n\000c\000e\000\040\000\050\000a\000t\000t\000e\000n\000t\000i\000o\000n\000\051}{chapter.0.3}% 24
\BOOKMARK [1][-]{section.0.3.6}{\376\377\000U\000p\000d\000a\000t\000e\000\040\000e\000q\000u\000a\000t\000i\000o\000n\000\040\000f\000o\000r\000\040\000l\000i\000k\000e\000l\000i\000h\000o\000o\000d\000\040\000v\000a\000r\000i\000a\000n\000c\000e\000\040\000\050\000a\000t\000t\000e\000n\000t\000i\000o\000n\000\051}{chapter.0.3}% 25
\BOOKMARK [1][-]{section.0.3.7}{\376\377\000U\000p\000d\000a\000t\000e\000\040\000e\000q\000u\000a\000t\000i\000o\000n\000\040\000f\000o\000r\000\040\000p\000a\000r\000a\000m\000e\000t\000e\000r\000s\000\040\000\050\000l\000e\000a\000r\000n\000i\000n\000g\000\051}{chapter.0.3}% 26
\BOOKMARK [1][-]{section.0.3.8}{\376\377\000V\000a\000r\000i\000a\000t\000i\000o\000n\000a\000l\000\040\000f\000r\000e\000e\000\040\000e\000n\000e\000r\000g\000y\000\040\000u\000p\000d\000a\000t\000e\000\040\000r\000u\000l\000e\000s}{chapter.0.3}% 27
\BOOKMARK [1][-]{section.0.3.9}{\376\377\000H\000i\000e\000r\000a\000r\000c\000h\000i\000c\000a\000l\000\040\000p\000r\000e\000d\000i\000c\000t\000i\000v\000e\000\040\000c\000o\000d\000i\000n\000g}{chapter.0.3}% 28
\BOOKMARK [0][-]{chapter.0.4}{\376\377\000C\000o\000n\000t\000i\000n\000u\000o\000u\000s\000\040\000s\000t\000a\000t\000e\000-\000s\000p\000a\000c\000e\000\040\000a\000c\000t\000i\000v\000e\000\040\000i\000n\000f\000e\000r\000e\000n\000c\000e}{}% 29
\BOOKMARK [1][-]{section.0.4.1}{\376\377\000T\000h\000e\000\040\000b\000a\000s\000i\000c\000\040\000g\000e\000n\000e\000r\000a\000t\000i\000v\000e\000\040\000m\000o\000d\000e\000l\000\040\000f\000o\000r\000\040\000c\000o\000n\000t\000i\000n\000u\000o\000u\000s\000\040\000s\000t\000a\000t\000e\000-\000s\000p\000a\000c\000e\000\040\000a\000c\000t\000i\000v\000e\000\040\000i\000n\000f\000e\000r\000e\000n\000c\000e}{chapter.0.4}% 30
\BOOKMARK [1][-]{section.0.4.2}{\376\377\000V\000a\000r\000i\000a\000t\000i\000o\000n\000a\000l\000\040\000f\000r\000e\000e\000\040\000e\000n\000e\000r\000g\000y\000\040\000u\000n\000d\000e\000r\000\040\000t\000h\000e\000\040\000L\000a\000p\000l\000a\000c\000e\000/\000Q\000u\000a\000d\000r\000a\000t\000i\000c\000\040\000a\000p\000p\000r\000o\000x\000i\000m\000a\000t\000i\000o\000n}{chapter.0.4}% 31
\BOOKMARK [1][-]{section.0.4.3}{\376\377\000V\000a\000r\000i\000a\000t\000i\000o\000n\000a\000l\000\040\000f\000r\000e\000e\000\040\000e\000n\000e\000r\000g\000y\000\040\000u\000n\000d\000e\000r\000\040\000t\000h\000e\000\040\000L\000a\000p\000l\000a\000c\000e\000/\000Q\000u\000a\000d\000r\000a\000t\000i\000c\000\040\000a\000p\000p\000r\000o\000x\000i\000m\000a\000t\000i\000o\000n\000\040\000\050\000m\000u\000l\000t\000i\000v\000a\000r\000i\000a\000t\000e\000\051}{chapter.0.4}% 32
\BOOKMARK [1][-]{section.0.4.4}{\376\377\000V\000a\000r\000i\000a\000t\000i\000o\000n\000a\000l\000\040\000f\000r\000e\000e\000\040\000e\000n\000e\000r\000g\000y\000\040\000u\000n\000d\000e\000r\000\040\000t\000h\000e\000\040\000L\000a\000p\000l\000a\000c\000e\000/\000Q\000u\000a\000d\000r\000a\000t\000i\000c\000\040\000a\000p\000p\000r\000o\000x\000i\000m\000a\000t\000i\000o\000n\000\040\000a\000n\000d\000\040\000d\000i\000a\000g\000o\000n\000a\000l\000\040\000c\000o\000v\000a\000r\000i\000a\000n\000c\000e\000\040\000m\000a\000t\000r\000i\000c\000e\000s}{chapter.0.4}% 33
\BOOKMARK [1][-]{section.0.4.5}{\376\377\000T\000h\000e\000\040\000g\000e\000n\000e\000r\000a\000l\000i\000z\000e\000d\000\040\000s\000t\000a\000t\000e\000-\000s\000p\000a\000c\000e\000\040\000m\000o\000d\000e\000l}{chapter.0.4}% 34
\BOOKMARK [1][-]{section.0.4.6}{\376\377\000V\000a\000r\000i\000a\000t\000i\000o\000n\000a\000l\000\040\000f\000r\000e\000e\000\040\000e\000n\000e\000r\000g\000y\000\040\000f\000o\000r\000\040\000t\000h\000e\000\040\000g\000e\000n\000e\000r\000a\000l\000i\000z\000e\000d\000\040\000s\000t\000a\000t\000e\000-\000s\000p\000a\000c\000e\000\040\000m\000o\000d\000e\000l\000\040\000a\000n\000d\000\040\000d\000i\000a\000g\000o\000n\000a\000l\000\040\000c\000o\000v\000a\000r\000i\000a\000n\000c\000e\000\040\000m\000a\000t\000r\000i\000c\000e\000s}{chapter.0.4}% 35
\BOOKMARK [1][-]{section.0.4.7}{\376\377\000V\000a\000r\000i\000a\000t\000i\000o\000n\000a\000l\000\040\000f\000r\000e\000e\000\040\000e\000n\000e\000r\000g\000y\000\040\000f\000o\000r\000\040\000t\000h\000e\000\040\000g\000e\000n\000e\000r\000a\000l\000i\000z\000e\000d\000\040\000s\000t\000a\000t\000e\000-\000s\000p\000a\000c\000e\000\040\000m\000o\000d\000e\000l\000\040\000u\000s\000i\000n\000g\000\040\000t\000h\000e\000\040\000g\000e\000n\000e\000r\000a\000l\000i\000z\000e\000d\000\040\000p\000r\000e\000c\000i\000s\000i\000o\000n\000\040\000m\000a\000t\000r\000i\000x}{chapter.0.4}% 36
\BOOKMARK [1][-]{section.0.4.8}{\376\377\000G\000r\000a\000d\000i\000e\000n\000t\000\040\000f\000l\000o\000w\000\040\000o\000f\000\040\000h\000i\000d\000d\000e\000n\000\040\000s\000t\000a\000t\000e\000s}{chapter.0.4}% 37
\BOOKMARK [1][-]{section.0.4.9}{\376\377\000G\000r\000a\000d\000i\000e\000n\000t\000\040\000f\000l\000o\000w\000\040\000o\000f\000\040\000a\000u\000t\000o\000n\000o\000m\000o\000u\000s\000\040\000s\000t\000a\000t\000e\000s}{chapter.0.4}% 38
\BOOKMARK [1][-]{section.0.4.10}{\376\377\000G\000r\000a\000d\000i\000e\000n\000t\000\040\000f\000l\000o\000w\000\040\000o\000f\000\040\000a\000c\000t\000i\000o\000n}{chapter.0.4}% 39
\BOOKMARK [1][-]{section.0.4.11}{\376\377\000T\000h\000e\000\040\000c\000o\000m\000p\000l\000e\000t\000e\000\040\000g\000e\000n\000e\000r\000a\000l\000i\000z\000e\000d\000\040\000s\000t\000a\000t\000e\000-\000s\000p\000a\000c\000e\000\040\000m\000o\000d\000e\000l\000\040\000\050\000w\000i\000t\000h\000\040\000f\000i\000r\000s\000t\000\040\000a\000n\000d\000\040\000s\000e\000c\000o\000n\000d\000-\000o\000r\000d\000e\000r\000\040\000p\000a\000r\000a\000m\000e\000t\000e\000r\000s\000\051}{chapter.0.4}% 40
\BOOKMARK [1][-]{section.0.4.12}{\376\377\000V\000a\000r\000i\000a\000t\000i\000o\000n\000a\000l\000\040\000f\000r\000e\000e\000\040\000e\000n\000e\000r\000g\000y\000\040\000f\000o\000r\000\040\000t\000h\000e\000\040\000c\000o\000m\000p\000l\000e\000t\000e\000\040\000g\000e\000n\000e\000r\000a\000l\000i\000z\000e\000d\000\040\000s\000t\000a\000t\000e\000-\000s\000p\000a\000c\000e\000\040\000m\000o\000d\000e\000l}{chapter.0.4}% 41
\BOOKMARK [1][-]{section.0.4.13}{\376\377\000G\000r\000a\000d\000i\000e\000n\000t\000\040\000f\000l\000o\000w\000s\000\040\000f\000o\000r\000\040\000f\000i\000r\000s\000t\000\040\000a\000n\000d\000\040\000s\000e\000c\000o\000n\000d\000-\000o\000r\000d\000e\000r\000\040\000p\000a\000r\000a\000m\000e\000t\000e\000r\000s}{chapter.0.4}% 42
\BOOKMARK [1][-]{section.0.4.14}{\376\377\000S\000o\000l\000v\000i\000n\000g\000\040\000t\000h\000e\000\040\000i\000n\000i\000t\000i\000a\000l\000\040\000v\000a\000l\000u\000e\000\040\000p\000r\000o\000b\000l\000e\000m}{chapter.0.4}% 43
\BOOKMARK [1][-]{section.0.4.15}{\376\377\000S\000t\000a\000t\000e\000-\000d\000e\000p\000e\000n\000d\000e\000n\000t\000\040\000p\000r\000e\000c\000i\000s\000i\000o\000n}{chapter.0.4}% 44
\BOOKMARK [1][-]{section.0.4.16}{\376\377\000H\000i\000e\000r\000a\000r\000c\000h\000i\000c\000a\000l\000\040\000m\000o\000d\000e\000l\000s}{chapter.0.4}% 45
\BOOKMARK [0][-]{chapter.0.5}{\376\377\000E\000x\000p\000e\000c\000t\000e\000d\000\040\000f\000r\000e\000e\000\040\000e\000n\000e\000r\000g\000y\000\040\000a\000n\000d\000\040\000d\000i\000s\000c\000r\000e\000t\000e\000\040\000v\000a\000r\000i\000a\000t\000i\000o\000n\000a\000l\000\040\000f\000r\000e\000e\000\040\000e\000n\000e\000r\000g\000y}{}% 46
\BOOKMARK [1][-]{section.0.5.1}{\376\377\000P\000o\000l\000i\000c\000y\000-\000d\000e\000p\000e\000n\000d\000e\000n\000t\000\040\000v\000a\000r\000i\000a\000t\000i\000o\000n\000a\000l\000\040\000f\000r\000e\000e\000\040\000e\000n\000e\000r\000g\000y}{chapter.0.5}% 47
\BOOKMARK [1][-]{section.0.5.2}{\376\377\000P\000o\000l\000i\000c\000y\000-\000i\000n\000d\000e\000p\000e\000n\000d\000e\000n\000t\000\040\000v\000a\000r\000i\000a\000t\000i\000o\000n\000a\000l\000\040\000f\000r\000e\000e\000\040\000e\000n\000e\000r\000g\000y}{chapter.0.5}% 48
\BOOKMARK [1][-]{section.0.5.3}{\376\377\000P\000r\000i\000o\000r\000\040\000p\000r\000e\000f\000e\000r\000e\000n\000c\000e\000s\000\040\000a\000n\000d\000\040\000b\000i\000a\000s\000e\000d\000\040\000g\000e\000n\000e\000r\000a\000t\000i\000v\000e\000\040\000m\000o\000d\000e\000l\000s}{chapter.0.5}% 49
\BOOKMARK [1][-]{section.0.5.4}{\376\377\000B\000-\000f\000o\000r\000m\000\040\000o\000f\000\040\000e\000x\000p\000e\000c\000t\000e\000d\000\040\000f\000r\000e\000e\000\040\000e\000n\000e\000r\000g\000y}{chapter.0.5}% 50
\BOOKMARK [1][-]{section.0.5.5}{\376\377\000E\000P\000-\000f\000o\000r\000m\000\040\000o\000f\000\040\000e\000x\000p\000e\000c\000t\000e\000d\000\040\000f\000r\000e\000e\000\040\000e\000n\000e\000r\000g\000y}{chapter.0.5}% 51
\BOOKMARK [1][-]{section.0.5.6}{\376\377\000G\000E\000-\000f\000o\000r\000m\000\040\000o\000f\000\040\000e\000x\000p\000e\000c\000t\000e\000d\000\040\000f\000r\000e\000e\000\040\000e\000n\000e\000r\000g\000y}{chapter.0.5}% 52
\BOOKMARK [1][-]{section.0.5.7}{\376\377\000G\000C\000-\000f\000o\000r\000m\000\040\000o\000f\000\040\000e\000x\000p\000e\000c\000t\000e\000d\000\040\000f\000r\000e\000e\000\040\000e\000n\000e\000r\000g\000y}{chapter.0.5}% 53
\BOOKMARK [1][-]{section.0.5.8}{\376\377\000G\000D\000-\000f\000o\000r\000m\000\040\000o\000f\000\040\000e\000x\000p\000e\000c\000t\000e\000d\000\040\000f\000r\000e\000e\000\040\000e\000n\000e\000r\000g\000y}{chapter.0.5}% 54
\BOOKMARK [1][-]{section.0.5.9}{\376\377\000I\000-\000f\000o\000r\000m\000\040\000o\000f\000\040\000e\000x\000p\000e\000c\000t\000e\000d\000\040\000f\000r\000e\000e\000\040\000e\000n\000e\000r\000g\000y}{chapter.0.5}% 55
\BOOKMARK [1][-]{section.0.5.10}{\376\377\000R\000O\000-\000f\000o\000r\000m\000\040\000o\000f\000\040\000e\000x\000p\000e\000c\000t\000e\000d\000\040\000f\000r\000e\000e\000\040\000e\000n\000e\000r\000g\000y}{chapter.0.5}% 56
\BOOKMARK [1][-]{section.0.5.11}{\376\377\000R\000S\000-\000f\000o\000r\000m\000\040\000o\000f\000\040\000e\000x\000p\000e\000c\000t\000e\000d\000\040\000f\000r\000e\000e\000\040\000e\000n\000e\000r\000g\000y}{chapter.0.5}% 57
\BOOKMARK [1][-]{section.0.5.12}{\376\377\000M\000a\000t\000r\000i\000x\000\040\000f\000o\000r\000m\000s\000\040\000o\000f\000\040\000v\000a\000r\000i\000a\000t\000i\000o\000n\000a\000l\000\040\000f\000r\000e\000e\000\040\000e\000n\000e\000r\000g\000y}{chapter.0.5}% 58
\BOOKMARK [1][-]{section.0.5.13}{\376\377\000M\000a\000t\000r\000i\000x\000\040\000f\000o\000r\000m\000s\000\040\000o\000f\000\040\000e\000x\000p\000e\000c\000t\000e\000d\000\040\000f\000r\000e\000e\000\040\000e\000n\000e\000r\000g\000y}{chapter.0.5}% 59
\BOOKMARK [1][-]{section.0.5.14}{\376\377\000O\000r\000i\000g\000i\000n\000s\000\040\000o\000f\000\040\000e\000x\000p\000e\000c\000t\000e\000d\000\040\000f\000r\000e\000e\000\040\000e\000n\000e\000r\000g\000y}{chapter.0.5}% 60
\BOOKMARK [0][-]{chapter.0.6}{\376\377\000D\000i\000s\000c\000r\000e\000t\000e\000\040\000s\000t\000a\000t\000e\000-\000s\000p\000a\000c\000e\000\040\000a\000c\000t\000i\000v\000e\000\040\000i\000n\000f\000e\000r\000e\000n\000c\000e}{}% 61
\BOOKMARK [1][-]{section.0.6.1}{\376\377\000T\000h\000e\000\040\000b\000a\000s\000i\000c\000\040\000g\000e\000n\000e\000r\000a\000t\000i\000v\000e\000\040\000m\000o\000d\000e\000l\000\040\000f\000o\000r\000\040\000d\000i\000s\000c\000r\000e\000t\000e\000\040\000s\000t\000a\000t\000e\000-\000s\000p\000a\000c\000e\000\040\000a\000c\000t\000i\000v\000e\000\040\000i\000n\000f\000e\000r\000e\000n\000c\000e}{chapter.0.6}% 62
\BOOKMARK [1][-]{section.0.6.2}{\376\377\000M\000a\000t\000r\000i\000x\000\040\000f\000o\000r\000m\000\040\000o\000f\000\040\000e\000x\000a\000c\000t\000\040\000h\000i\000d\000d\000e\000n\000\040\000i\000n\000f\000e\000r\000e\000n\000c\000e\000\040\000\050\000s\000t\000a\000t\000i\000c\000\051}{chapter.0.6}% 63
\BOOKMARK [1][-]{section.0.6.3}{\376\377\000M\000a\000t\000r\000i\000x\000\040\000f\000o\000r\000m\000\040\000o\000f\000\040\000e\000x\000a\000c\000t\000\040\000h\000i\000d\000d\000e\000n\000\040\000i\000n\000f\000e\000r\000e\000n\000c\000e\000\040\000\050\000d\000y\000n\000a\000m\000i\000c\000\051}{chapter.0.6}% 64
\BOOKMARK [1][-]{section.0.6.4}{\376\377\000F\000o\000r\000w\000a\000r\000d\000\040\000a\000n\000d\000\040\000b\000a\000c\000k\000w\000a\000r\000d\000\040\000s\000m\000o\000o\000t\000h\000i\000n\000g}{chapter.0.6}% 65
\BOOKMARK [1][-]{section.0.6.5}{\376\377\000A\000c\000t\000i\000o\000n\000\040\000s\000e\000l\000e\000c\000t\000i\000o\000n}{chapter.0.6}% 66
\BOOKMARK [1][-]{section.0.6.6}{\376\377\000P\000a\000t\000h\000-\000b\000a\000s\000e\000d\000\040\000p\000o\000l\000i\000c\000y\000\040\000c\000o\000m\000p\000u\000t\000a\000t\000i\000o\000n}{chapter.0.6}% 67
\BOOKMARK [1][-]{section.0.6.7}{\376\377\000P\000o\000l\000i\000c\000y\000-\000i\000n\000d\000e\000p\000e\000n\000d\000e\000n\000t\000\040\000s\000t\000a\000t\000e\000\040\000i\000n\000f\000e\000r\000e\000n\000c\000e}{chapter.0.6}% 68
\BOOKMARK [1][-]{section.0.6.8}{\376\377\000P\000o\000l\000i\000c\000y\000-\000d\000e\000p\000e\000n\000d\000e\000n\000t\000\040\000s\000t\000a\000t\000e\000\040\000i\000n\000f\000e\000r\000e\000n\000c\000e}{chapter.0.6}% 69
\BOOKMARK [1][-]{section.0.6.9}{\376\377\000G\000r\000a\000d\000i\000e\000n\000t\000\040\000f\000l\000o\000w\000\040\000b\000a\000s\000e\000d\000\040\000V\000F\000E\000\040\000m\000i\000n\000i\000m\000i\000z\000a\000t\000i\000o\000n}{chapter.0.6}% 70
\BOOKMARK [1][-]{section.0.6.10}{\376\377\000G\000e\000n\000e\000r\000a\000t\000i\000v\000e\000\040\000m\000o\000d\000e\000l\000\040\000f\000o\000r\000\040\000d\000i\000s\000c\000r\000e\000t\000e\000\040\000s\000t\000a\000t\000e\000-\000s\000p\000a\000c\000e\000\040\000a\000c\000t\000i\000v\000e\000\040\000i\000n\000f\000e\000r\000e\000n\000c\000e\000\040\000f\000o\000r\000\040\000l\000e\000a\000r\000n\000i\000n\000g}{chapter.0.6}% 71
\BOOKMARK [1][-]{section.0.6.11}{\376\377\000D\000i\000r\000i\000c\000h\000l\000e\000t\000\040\000u\000p\000d\000a\000t\000e\000s\000\040\000\050\000a\000,\000\040\000b\000,\000\040\000c\000,\000\040\000d\000,\000\040\000e\000\051}{chapter.0.6}% 72
\BOOKMARK [1][-]{section.0.6.12}{\376\377\000D\000i\000r\000i\000c\000h\000l\000e\000t\000\040\000u\000p\000d\000a\000t\000e\000s\000\040\000\050\000l\000o\000g\000\040\000f\000o\000r\000m\000\051}{chapter.0.6}% 73
\BOOKMARK [1][-]{section.0.6.13}{\376\377\000L\000e\000a\000r\000n\000i\000n\000g\000\040\000a\000n\000d\000\040\000f\000o\000r\000g\000e\000t\000t\000i\000n\000g\000\040\000r\000a\000t\000e\000s}{chapter.0.6}% 74
\BOOKMARK [1][-]{section.0.6.14}{\376\377\000P\000a\000r\000a\000m\000e\000t\000e\000r\000\040\000i\000n\000f\000o\000r\000m\000a\000t\000i\000o\000n\000-\000s\000e\000e\000k\000i\000n\000g\000\040\000t\000e\000r\000m}{chapter.0.6}% 75
\BOOKMARK [1][-]{section.0.6.15}{\376\377\000H\000a\000b\000i\000t\000\040\000l\000e\000a\000r\000n\000i\000n\000g}{chapter.0.6}% 76
\BOOKMARK [1][-]{section.0.6.16}{\376\377\000T\000h\000e\000\040\000v\000a\000r\000i\000a\000t\000i\000o\000n\000a\000l\000\040\000p\000o\000l\000i\000c\000y\000\040\000d\000e\000n\000s\000i\000t\000y}{chapter.0.6}% 77
\BOOKMARK [1][-]{section.0.6.17}{\376\377\000G\000e\000n\000e\000r\000a\000t\000i\000v\000e\000\040\000m\000o\000d\000e\000l\000\040\000f\000o\000r\000\040\000d\000i\000s\000c\000r\000e\000t\000e\000\040\000s\000t\000a\000t\000e\000-\000s\000p\000a\000c\000e\000\040\000a\000c\000t\000i\000v\000e\000\040\000i\000n\000f\000e\000r\000e\000n\000c\000e\000\040\000f\000o\000r\000\040\000a\000t\000t\000e\000n\000t\000i\000o\000n}{chapter.0.6}% 78
\BOOKMARK [1][-]{section.0.6.18}{\376\377\000P\000r\000e\000c\000i\000s\000i\000o\000n\000/\000a\000t\000t\000e\000n\000t\000i\000o\000n\000\040\000u\000p\000d\000a\000t\000e\000s}{chapter.0.6}% 79
\BOOKMARK [1][-]{section.0.6.19}{\376\377\000N\000o\000v\000e\000l\000t\000y\000\040\000s\000e\000e\000k\000i\000n\000g}{chapter.0.6}% 80
\BOOKMARK [1][-]{section.0.6.20}{\376\377\000F\000a\000c\000t\000o\000r\000i\000a\000l\000\040\000m\000o\000d\000e\000l\000s}{chapter.0.6}% 81
\BOOKMARK [1][-]{section.0.6.21}{\376\377\000H\000i\000e\000r\000a\000r\000c\000h\000i\000c\000a\000l\000\040\000m\000o\000d\000e\000l\000s}{chapter.0.6}% 82
\BOOKMARK [1][-]{section.0.6.22}{\376\377\000H\000i\000e\000r\000a\000r\000c\000h\000i\000c\000a\000l\000\040\000a\000n\000d\000\040\000f\000a\000c\000t\000o\000r\000i\000a\000l\000\040\000m\000o\000d\000e\000l\000s}{chapter.0.6}% 83
\BOOKMARK [1][-]{section.0.6.23}{\376\377\000S\000t\000a\000t\000e\000-\000b\000a\000s\000e\000d\000\040\000p\000r\000i\000o\000r\000\040\000p\000r\000e\000f\000e\000r\000e\000n\000c\000e\000s}{chapter.0.6}% 84
\BOOKMARK [0][-]{chapter.0.7}{\376\377\000E\000x\000t\000e\000n\000s\000i\000o\000n\000s}{}% 85
\BOOKMARK [1][-]{section.0.7.1}{\376\377\000A\000c\000t\000i\000o\000n\000-\000p\000e\000r\000c\000e\000p\000t\000i\000o\000n\000\040\000d\000i\000v\000e\000r\000g\000e\000n\000c\000e}{chapter.0.7}% 86
\BOOKMARK [1][-]{section.0.7.2}{\376\377\000R\000e\000n\000y\000i\000\040\000b\000o\000u\000n\000d}{chapter.0.7}% 87
\BOOKMARK [1][-]{section.0.7.3}{\376\377\000S\000o\000p\000h\000i\000s\000t\000i\000c\000a\000t\000e\000d\000\040\000i\000n\000f\000e\000r\000e\000n\000c\000e}{chapter.0.7}% 88
\BOOKMARK [1][-]{section.0.7.4}{\376\377\000F\000e\000d\000e\000r\000a\000t\000e\000d\000\040\000b\000e\000l\000i\000e\000f\000\040\000s\000h\000a\000r\000i\000n\000g}{chapter.0.7}% 89
\BOOKMARK [1][-]{section.0.7.5}{\376\377\000I\000n\000d\000u\000c\000t\000i\000v\000e\000\040\000p\000l\000a\000n\000n\000i\000n\000g}{chapter.0.7}% 90
\BOOKMARK [1][-]{section.0.7.6}{\376\377\000R\000e\000n\000o\000r\000m\000a\000l\000i\000z\000i\000n\000g\000\040\000g\000e\000n\000e\000r\000a\000t\000i\000v\000e\000\040\000m\000o\000d\000e\000l\000s}{chapter.0.7}% 91
\BOOKMARK [1][-]{section.0.7.7}{\376\377\000H\000y\000b\000r\000i\000d\000\040\000g\000e\000n\000e\000r\000a\000t\000i\000v\000e\000\040\000m\000o\000d\000e\000l\000s}{chapter.0.7}% 92
\BOOKMARK [0][-]{chapter.0.8}{\376\377\000V\000a\000r\000i\000a\000t\000i\000o\000n\000s\000\040\000o\000n\000\040\000f\000r\000e\000e\000\040\000e\000n\000e\000r\000g\000y}{}% 93
\BOOKMARK [1][-]{section.0.8.1}{\376\377\000G\000e\000n\000e\000r\000a\000l\000i\000z\000e\000d\000\040\000f\000r\000e\000e\000\040\000e\000n\000e\000r\000g\000y}{chapter.0.8}% 94
\BOOKMARK [1][-]{section.0.8.2}{\376\377\000F\000r\000e\000e\000\040\000e\000n\000e\000r\000g\000y\000\040\000o\000f\000\040\000t\000h\000e\000\040\000f\000u\000t\000u\000r\000e}{chapter.0.8}% 95
\BOOKMARK [1][-]{section.0.8.3}{\376\377\000P\000r\000e\000d\000i\000c\000t\000e\000d\000\040\000f\000r\000e\000e\000\040\000e\000n\000e\000r\000g\000y}{chapter.0.8}% 96
\BOOKMARK [1][-]{section.0.8.4}{\376\377\000F\000r\000e\000e\000\040\000e\000n\000e\000r\000g\000y\000\040\000o\000f\000\040\000t\000h\000e\000\040\000e\000x\000p\000e\000c\000t\000e\000d\000\040\000f\000u\000t\000u\000r\000e}{chapter.0.8}% 97
\BOOKMARK [1][-]{section.0.8.5}{\376\377\000B\000e\000t\000h\000e\000\040\000f\000r\000e\000e\000\040\000e\000n\000e\000r\000g\000y}{chapter.0.8}% 98
\BOOKMARK [1][-]{section.0.8.6}{\376\377\000C\000o\000n\000s\000t\000r\000a\000i\000n\000e\000d\000\040\000B\000e\000t\000h\000e\000\040\000f\000r\000e\000e\000\040\000e\000n\000e\000r\000g\000y}{chapter.0.8}% 99
\BOOKMARK [0][-]{chapter*.3}{\376\377\000B\000i\000b\000l\000i\000o\000g\000r\000a\000p\000h\000y}{}% 100
